Arguments: 
  D:\software\nodejs\node.exe D:\software\yarn\bin\yarn.js add app1.css

PATH: 
  D:\software\cmder\vendor\git-for-windows\mingw64\bin;D:\software\cmder\vendor\git-for-windows\usr\bin;C:\Users\愤怒的汤姆猫\bin;C:\WINDOWS\system32;C:\WINDOWS;C:\WINDOWS\System32\Wbem;C:\WINDOWS\System32\WindowsPowerShell\v1.0;C:\WINDOWS\System32\OpenSSH;D:\Calibre 3.47.1;C:\Program Files\Microsoft\Web Platform Installer;C:\Program Files (x86)\Microsoft ASP.NET\ASP.NET Web Pages\v1.0;C:\Program Files (x86)\Windows Kits\8.0\Windows Performance Toolkit;C:\Program Files\Microsoft SQL Server\110\Tools\Binn;D:\software\nodejs;D:\software\yarn\bin;D:\Visual Studio Code\Microsoft VS Code\bin;C:\Users\愤怒的汤姆猫\AppData\Local\Microsoft\WindowsApps;D:\Program Files\JetBrains\WebStorm 2020.2\bin;D:\Visual Studio Code\Microsoft VS Code\bin;D:\VScode\Microsoft VS Code\bin;C:\Users\愤怒的汤姆猫\AppData\Roaming\npm;C:\Users\愤怒的汤姆猫\AppData\Local\Yarn\bin

Yarn version: 
  1.22.5

Node version: 
  14.16.1

Platform: 
  win32 x64

Trace: 
  Error: https://registry.npm.taobao.org/app1.css: Not found
      at Request.params.callback [as _callback] (D:\software\yarn\lib\cli.js:66097:18)
      at Request.self.callback (D:\software\yarn\lib\cli.js:140749:22)
      at Request.emit (events.js:315:20)
      at Request.<anonymous> (D:\software\yarn\lib\cli.js:141721:10)
      at Request.emit (events.js:315:20)
      at IncomingMessage.<anonymous> (D:\software\yarn\lib\cli.js:141643:12)
      at Object.onceWrapper (events.js:421:28)
      at IncomingMessage.emit (events.js:327:22)
      at endReadableNT (internal/streams/readable.js:1327:12)
      at processTicksAndRejections (internal/process/task_queues.js:80:21)

npm manifest: 
  {
    "name": "MVC-demo-1",
    "version": "1.0.0",
    "main": "index.js",
    "license": "MIT",
    "dependencies": {
      "jquery": "^3.6.0"
    }
  }

yarn manifest: 
  No manifest

Lockfile: 
  # THIS IS AN AUTOGENERATED FILE. DO NOT EDIT THIS FILE DIRECTLY.
  # yarn lockfile v1
  
  
  jquery@^3.6.0:
    version "3.6.0"
    resolved "https://registry.npm.taobao.org/jquery/download/jquery-3.6.0.tgz#c72a09f15c1bdce142f49dbf1170bdf8adac2470"
    integrity sha1-xyoJ8Vwb3OFC9J2/EXC9+K2sJHA=
